[2024-11-23 15:58:04] local.ERROR: SQLSTATE[08006] [7] connection to server at "127.0.0.1", port 5432 failed: FATAL:  role "forge" does not exist (SQL: insert into "telescope_entries" ("batch_id", "content", "created_at", "family_hash", "type", "uuid") values (9d8e7840-e5d4-4a12-a50d-897132e592b9, {"command":"list","exit_code":0,"arguments":{"command":"list","namespace":null},"options":{"raw":false,"format":"txt","short":false,"help":false,"quiet":false,"verbose":false,"version":false,"ansi":null,"no-interaction":false,"env":null},"hostname":"Furinas-Macbook.local"}, 2024-11-23 15:58:04, ?, command, 9d8e7840-e2af-487f-8d67-c0d59571f45b)) {"exception":"[object] (Illuminate\\Database\\QueryException(code: 7): SQLSTATE[08006] [7] connection to server at \"127.0.0.1\", port 5432 failed: FATAL:  role \"forge\" does not exist (SQL: insert into \"telescope_entries\" (\"batch_id\", \"content\", \"created_at\", \"family_hash\", \"type\", \"uuid\") values (9d8e7840-e5d4-4a12-a50d-897132e592b9, {\"command\":\"list\",\"exit_code\":0,\"arguments\":{\"command\":\"list\",\"namespace\":null},\"options\":{\"raw\":false,\"format\":\"txt\",\"short\":false,\"help\":false,\"quiet\":false,\"verbose\":false,\"version\":false,\"ansi\":null,\"no-interaction\":false,\"env\":null},\"hostname\":\"Furinas-Macbook.local\"}, 2024-11-23 15:58:04, ?, command, 9d8e7840-e2af-487f-8d67-c0d59571f45b)) at /Users/wahyu/Herd/bos/vendor/laravel/framework/src/Illuminate/Database/Connection.php:712)
[stacktrace]
#0 /Users/wahyu/Herd/bos/vendor/laravel/framework/src/Illuminate/Database/Connection.php(672): Illuminate\\Database\\Connection->runQueryCallback('insert into \"te...', Array, Object(Closure))
#1 /Users/wahyu/Herd/bos/vendor/laravel/framework/src/Illuminate/Database/Connection.php(490): Illuminate\\Database\\Connection->run('insert into \"te...', Array, Object(Closure))
#2 /Users/wahyu/Herd/bos/vendor/laravel/framework/src/Illuminate/Database/Connection.php(454): Illuminate\\Database\\Connection->statement('insert into \"te...', Array)
#3 /Users/wahyu/Herd/bos/vendor/laravel/framework/src/Illuminate/Database/Query/Builder.php(2978): Illuminate\\Database\\Connection->insert('insert into \"te...', Array)
#4 /Users/wahyu/Herd/bos/vendor/laravel/telescope/src/Storage/DatabaseEntriesRepository.php(145): Illuminate\\Database\\Query\\Builder->insert(Array)
#5 /Users/wahyu/Herd/bos/vendor/laravel/framework/src/Illuminate/Collections/Traits/EnumeratesValues.php(245): Laravel\\Telescope\\Storage\\DatabaseEntriesRepository->Laravel\\Telescope\\Storage\\{closure}(Object(Illuminate\\Support\\Collection), 0)
#6 /Users/wahyu/Herd/bos/vendor/laravel/telescope/src/Storage/DatabaseEntriesRepository.php(144): Illuminate\\Support\\Collection->each(Object(Closure))
#7 /Users/wahyu/Herd/bos/vendor/laravel/telescope/src/Telescope.php(668): Laravel\\Telescope\\Storage\\DatabaseEntriesRepository->store(Object(Illuminate\\Support\\Collection))
#8 [internal function]: Laravel\\Telescope\\Telescope::Laravel\\Telescope\\{closure}()
#9 /Users/wahyu/Herd/bos/vendor/laravel/telescope/src/Telescope.php(293): call_user_func(Object(Closure))
#10 /Users/wahyu/Herd/bos/vendor/laravel/telescope/src/Telescope.php(660): Laravel\\Telescope\\Telescope::withoutRecording(Object(Closure))
#11 /Users/wahyu/Herd/bos/vendor/laravel/telescope/src/ListensForStorageOpportunities.php(65): Laravel\\Telescope\\Telescope::store(Object(Laravel\\Telescope\\Storage\\DatabaseEntriesRepository))
#12 /Users/wahyu/Herd/bos/vendor/laravel/framework/src/Illuminate/Container/BoundMethod.php(36): Laravel\\Telescope\\Telescope::Laravel\\Telescope\\{closure}()
#13 /Users/wahyu/Herd/bos/vendor/laravel/framework/src/Illuminate/Container/Util.php(40): Illuminate\\Container\\BoundMethod::Illuminate\\Container\\{closure}()
#14 /Users/wahyu/Herd/bos/vendor/laravel/framework/src/Illuminate/Container/BoundMethod.php(81): Illuminate\\Container\\Util::unwrapIfClosure(Object(Closure))
#15 /Users/wahyu/Herd/bos/vendor/laravel/framework/src/Illuminate/Container/BoundMethod.php(35): Illuminate\\Container\\BoundMethod::callBoundMethod(Object(Illuminate\\Foundation\\Application), Object(Closure), Object(Closure))
#16 /Users/wahyu/Herd/bos/vendor/laravel/framework/src/Illuminate/Container/Container.php(653): Illuminate\\Container\\BoundMethod::call(Object(Illuminate\\Foundation\\Application), Object(Closure), Array, NULL)
#17 /Users/wahyu/Herd/bos/vendor/laravel/framework/src/Illuminate/Foundation/Application.php(1158): Illuminate\\Container\\Container->call(Object(Closure))
#18 /Users/wahyu/Herd/bos/vendor/laravel/framework/src/Illuminate/Foundation/Console/Kernel.php(148): Illuminate\\Foundation\\Application->terminate()
#19 /Users/wahyu/Herd/bos/artisan(51): Illuminate\\Foundation\\Console\\Kernel->terminate(Object(Symfony\\Component\\Console\\Input\\ArgvInput), 0)
#20 {main}

[previous exception] [object] (PDOException(code: 7): SQLSTATE[08006] [7] connection to server at \"127.0.0.1\", port 5432 failed: FATAL:  role \"forge\" does not exist at /Users/wahyu/Herd/bos/vendor/laravel/framework/src/Illuminate/Database/Connectors/Connector.php:70)
[stacktrace]
#0 /Users/wahyu/Herd/bos/vendor/laravel/framework/src/Illuminate/Database/Connectors/Connector.php(70): PDO->__construct('pgsql:host=127....', 'forge', Object(SensitiveParameterValue), Array)
#1 /Users/wahyu/Herd/bos/vendor/laravel/framework/src/Illuminate/Database/Connectors/Connector.php(45): Illuminate\\Database\\Connectors\\Connector->createPdoConnection('pgsql:host=127....', 'forge', '', Array)
#2 /Users/wahyu/Herd/bos/vendor/laravel/framework/src/Illuminate/Database/Connectors/PostgresConnector.php(32): Illuminate\\Database\\Connectors\\Connector->createConnection('pgsql:host=127....', Array, Array)
#3 /Users/wahyu/Herd/bos/vendor/laravel/framework/src/Illuminate/Database/Connectors/ConnectionFactory.php(184): Illuminate\\Database\\Connectors\\PostgresConnector->connect(Array)
#4 [internal function]: Illuminate\\Database\\Connectors\\ConnectionFactory->Illuminate\\Database\\Connectors\\{closure}()
#5 /Users/wahyu/Herd/bos/vendor/laravel/framework/src/Illuminate/Database/Connection.php(1064): call_user_func(Object(Closure))
#6 /Users/wahyu/Herd/bos/vendor/laravel/framework/src/Illuminate/Database/Connection.php(495): Illuminate\\Database\\Connection->getPdo()
#7 /Users/wahyu/Herd/bos/vendor/laravel/framework/src/Illuminate/Database/Connection.php(705): Illuminate\\Database\\Connection->Illuminate\\Database\\{closure}('insert into \"te...', Array)
#8 /Users/wahyu/Herd/bos/vendor/laravel/framework/src/Illuminate/Database/Connection.php(672): Illuminate\\Database\\Connection->runQueryCallback('insert into \"te...', Array, Object(Closure))
#9 /Users/wahyu/Herd/bos/vendor/laravel/framework/src/Illuminate/Database/Connection.php(490): Illuminate\\Database\\Connection->run('insert into \"te...', Array, Object(Closure))
#10 /Users/wahyu/Herd/bos/vendor/laravel/framework/src/Illuminate/Database/Connection.php(454): Illuminate\\Database\\Connection->statement('insert into \"te...', Array)
#11 /Users/wahyu/Herd/bos/vendor/laravel/framework/src/Illuminate/Database/Query/Builder.php(2978): Illuminate\\Database\\Connection->insert('insert into \"te...', Array)
#12 /Users/wahyu/Herd/bos/vendor/laravel/telescope/src/Storage/DatabaseEntriesRepository.php(145): Illuminate\\Database\\Query\\Builder->insert(Array)
#13 /Users/wahyu/Herd/bos/vendor/laravel/framework/src/Illuminate/Collections/Traits/EnumeratesValues.php(245): Laravel\\Telescope\\Storage\\DatabaseEntriesRepository->Laravel\\Telescope\\Storage\\{closure}(Object(Illuminate\\Support\\Collection), 0)
#14 /Users/wahyu/Herd/bos/vendor/laravel/telescope/src/Storage/DatabaseEntriesRepository.php(144): Illuminate\\Support\\Collection->each(Object(Closure))
#15 /Users/wahyu/Herd/bos/vendor/laravel/telescope/src/Telescope.php(668): Laravel\\Telescope\\Storage\\DatabaseEntriesRepository->store(Object(Illuminate\\Support\\Collection))
#16 [internal function]: Laravel\\Telescope\\Telescope::Laravel\\Telescope\\{closure}()
#17 /Users/wahyu/Herd/bos/vendor/laravel/telescope/src/Telescope.php(293): call_user_func(Object(Closure))
#18 /Users/wahyu/Herd/bos/vendor/laravel/telescope/src/Telescope.php(660): Laravel\\Telescope\\Telescope::withoutRecording(Object(Closure))
#19 /Users/wahyu/Herd/bos/vendor/laravel/telescope/src/ListensForStorageOpportunities.php(65): Laravel\\Telescope\\Telescope::store(Object(Laravel\\Telescope\\Storage\\DatabaseEntriesRepository))
#20 /Users/wahyu/Herd/bos/vendor/laravel/framework/src/Illuminate/Container/BoundMethod.php(36): Laravel\\Telescope\\Telescope::Laravel\\Telescope\\{closure}()
#21 /Users/wahyu/Herd/bos/vendor/laravel/framework/src/Illuminate/Container/Util.php(40): Illuminate\\Container\\BoundMethod::Illuminate\\Container\\{closure}()
#22 /Users/wahyu/Herd/bos/vendor/laravel/framework/src/Illuminate/Container/BoundMethod.php(81): Illuminate\\Container\\Util::unwrapIfClosure(Object(Closure))
#23 /Users/wahyu/Herd/bos/vendor/laravel/framework/src/Illuminate/Container/BoundMethod.php(35): Illuminate\\Container\\BoundMethod::callBoundMethod(Object(Illuminate\\Foundation\\Application), Object(Closure), Object(Closure))
#24 /Users/wahyu/Herd/bos/vendor/laravel/framework/src/Illuminate/Container/Container.php(653): Illuminate\\Container\\BoundMethod::call(Object(Illuminate\\Foundation\\Application), Object(Closure), Array, NULL)
#25 /Users/wahyu/Herd/bos/vendor/laravel/framework/src/Illuminate/Foundation/Application.php(1158): Illuminate\\Container\\Container->call(Object(Closure))
#26 /Users/wahyu/Herd/bos/vendor/laravel/framework/src/Illuminate/Foundation/Console/Kernel.php(148): Illuminate\\Foundation\\Application->terminate()
#27 /Users/wahyu/Herd/bos/artisan(51): Illuminate\\Foundation\\Console\\Kernel->terminate(Object(Symfony\\Component\\Console\\Input\\ArgvInput), 0)
#28 {main}
"} 
[2024-11-23 15:58:21] local.ERROR: SQLSTATE[08006] [7] connection to server at "127.0.0.1", port 5432 failed: FATAL:  role "forge" does not exist (SQL: insert into "telescope_entries" ("batch_id", "content", "created_at", "family_hash", "type", "uuid") values (9d8e785a-8b02-4866-9020-2310b2c8e85c, {"command":"list","exit_code":0,"arguments":{"command":"list","namespace":null},"options":{"raw":false,"format":"txt","short":false,"help":false,"quiet":false,"verbose":false,"version":false,"ansi":null,"no-interaction":false,"env":null},"hostname":"Furinas-Macbook.local"}, 2024-11-23 15:58:21, ?, command, 9d8e785a-88d5-43cd-8ac3-7fd75d5b9f8b)) {"exception":"[object] (Illuminate\\Database\\QueryException(code: 7): SQLSTATE[08006] [7] connection to server at \"127.0.0.1\", port 5432 failed: FATAL:  role \"forge\" does not exist (SQL: insert into \"telescope_entries\" (\"batch_id\", \"content\", \"created_at\", \"family_hash\", \"type\", \"uuid\") values (9d8e785a-8b02-4866-9020-2310b2c8e85c, {\"command\":\"list\",\"exit_code\":0,\"arguments\":{\"command\":\"list\",\"namespace\":null},\"options\":{\"raw\":false,\"format\":\"txt\",\"short\":false,\"help\":false,\"quiet\":false,\"verbose\":false,\"version\":false,\"ansi\":null,\"no-interaction\":false,\"env\":null},\"hostname\":\"Furinas-Macbook.local\"}, 2024-11-23 15:58:21, ?, command, 9d8e785a-88d5-43cd-8ac3-7fd75d5b9f8b)) at /Users/wahyu/Herd/bos/vendor/laravel/framework/src/Illuminate/Database/Connection.php:712)
[stacktrace]
#0 /Users/wahyu/Herd/bos/vendor/laravel/framework/src/Illuminate/Database/Connection.php(672): Illuminate\\Database\\Connection->runQueryCallback('insert into \"te...', Array, Object(Closure))
#1 /Users/wahyu/Herd/bos/vendor/laravel/framework/src/Illuminate/Database/Connection.php(490): Illuminate\\Database\\Connection->run('insert into \"te...', Array, Object(Closure))
#2 /Users/wahyu/Herd/bos/vendor/laravel/framework/src/Illuminate/Database/Connection.php(454): Illuminate\\Database\\Connection->statement('insert into \"te...', Array)
#3 /Users/wahyu/Herd/bos/vendor/laravel/framework/src/Illuminate/Database/Query/Builder.php(2978): Illuminate\\Database\\Connection->insert('insert into \"te...', Array)
#4 /Users/wahyu/Herd/bos/vendor/laravel/telescope/src/Storage/DatabaseEntriesRepository.php(145): Illuminate\\Database\\Query\\Builder->insert(Array)
#5 /Users/wahyu/Herd/bos/vendor/laravel/framework/src/Illuminate/Collections/Traits/EnumeratesValues.php(245): Laravel\\Telescope\\Storage\\DatabaseEntriesRepository->Laravel\\Telescope\\Storage\\{closure}(Object(Illuminate\\Support\\Collection), 0)
#6 /Users/wahyu/Herd/bos/vendor/laravel/telescope/src/Storage/DatabaseEntriesRepository.php(144): Illuminate\\Support\\Collection->each(Object(Closure))
#7 /Users/wahyu/Herd/bos/vendor/laravel/telescope/src/Telescope.php(668): Laravel\\Telescope\\Storage\\DatabaseEntriesRepository->store(Object(Illuminate\\Support\\Collection))
#8 [internal function]: Laravel\\Telescope\\Telescope::Laravel\\Telescope\\{closure}()
#9 /Users/wahyu/Herd/bos/vendor/laravel/telescope/src/Telescope.php(293): call_user_func(Object(Closure))
#10 /Users/wahyu/Herd/bos/vendor/laravel/telescope/src/Telescope.php(660): Laravel\\Telescope\\Telescope::withoutRecording(Object(Closure))
#11 /Users/wahyu/Herd/bos/vendor/laravel/telescope/src/ListensForStorageOpportunities.php(65): Laravel\\Telescope\\Telescope::store(Object(Laravel\\Telescope\\Storage\\DatabaseEntriesRepository))
#12 /Users/wahyu/Herd/bos/vendor/laravel/framework/src/Illuminate/Container/BoundMethod.php(36): Laravel\\Telescope\\Telescope::Laravel\\Telescope\\{closure}()
#13 /Users/wahyu/Herd/bos/vendor/laravel/framework/src/Illuminate/Container/Util.php(40): Illuminate\\Container\\BoundMethod::Illuminate\\Container\\{closure}()
#14 /Users/wahyu/Herd/bos/vendor/laravel/framework/src/Illuminate/Container/BoundMethod.php(81): Illuminate\\Container\\Util::unwrapIfClosure(Object(Closure))
#15 /Users/wahyu/Herd/bos/vendor/laravel/framework/src/Illuminate/Container/BoundMethod.php(35): Illuminate\\Container\\BoundMethod::callBoundMethod(Object(Illuminate\\Foundation\\Application), Object(Closure), Object(Closure))
#16 /Users/wahyu/Herd/bos/vendor/laravel/framework/src/Illuminate/Container/Container.php(653): Illuminate\\Container\\BoundMethod::call(Object(Illuminate\\Foundation\\Application), Object(Closure), Array, NULL)
#17 /Users/wahyu/Herd/bos/vendor/laravel/framework/src/Illuminate/Foundation/Application.php(1158): Illuminate\\Container\\Container->call(Object(Closure))
#18 /Users/wahyu/Herd/bos/vendor/laravel/framework/src/Illuminate/Foundation/Console/Kernel.php(148): Illuminate\\Foundation\\Application->terminate()
#19 /Users/wahyu/Herd/bos/artisan(51): Illuminate\\Foundation\\Console\\Kernel->terminate(Object(Symfony\\Component\\Console\\Input\\ArgvInput), 0)
#20 {main}

[previous exception] [object] (PDOException(code: 7): SQLSTATE[08006] [7] connection to server at \"127.0.0.1\", port 5432 failed: FATAL:  role \"forge\" does not exist at /Users/wahyu/Herd/bos/vendor/laravel/framework/src/Illuminate/Database/Connectors/Connector.php:70)
[stacktrace]
#0 /Users/wahyu/Herd/bos/vendor/laravel/framework/src/Illuminate/Database/Connectors/Connector.php(70): PDO->__construct('pgsql:host=127....', 'forge', Object(SensitiveParameterValue), Array)
#1 /Users/wahyu/Herd/bos/vendor/laravel/framework/src/Illuminate/Database/Connectors/Connector.php(45): Illuminate\\Database\\Connectors\\Connector->createPdoConnection('pgsql:host=127....', 'forge', '', Array)
#2 /Users/wahyu/Herd/bos/vendor/laravel/framework/src/Illuminate/Database/Connectors/PostgresConnector.php(32): Illuminate\\Database\\Connectors\\Connector->createConnection('pgsql:host=127....', Array, Array)
#3 /Users/wahyu/Herd/bos/vendor/laravel/framework/src/Illuminate/Database/Connectors/ConnectionFactory.php(184): Illuminate\\Database\\Connectors\\PostgresConnector->connect(Array)
#4 [internal function]: Illuminate\\Database\\Connectors\\ConnectionFactory->Illuminate\\Database\\Connectors\\{closure}()
#5 /Users/wahyu/Herd/bos/vendor/laravel/framework/src/Illuminate/Database/Connection.php(1064): call_user_func(Object(Closure))
#6 /Users/wahyu/Herd/bos/vendor/laravel/framework/src/Illuminate/Database/Connection.php(495): Illuminate\\Database\\Connection->getPdo()
#7 /Users/wahyu/Herd/bos/vendor/laravel/framework/src/Illuminate/Database/Connection.php(705): Illuminate\\Database\\Connection->Illuminate\\Database\\{closure}('insert into \"te...', Array)
#8 /Users/wahyu/Herd/bos/vendor/laravel/framework/src/Illuminate/Database/Connection.php(672): Illuminate\\Database\\Connection->runQueryCallback('insert into \"te...', Array, Object(Closure))
#9 /Users/wahyu/Herd/bos/vendor/laravel/framework/src/Illuminate/Database/Connection.php(490): Illuminate\\Database\\Connection->run('insert into \"te...', Array, Object(Closure))
#10 /Users/wahyu/Herd/bos/vendor/laravel/framework/src/Illuminate/Database/Connection.php(454): Illuminate\\Database\\Connection->statement('insert into \"te...', Array)
#11 /Users/wahyu/Herd/bos/vendor/laravel/framework/src/Illuminate/Database/Query/Builder.php(2978): Illuminate\\Database\\Connection->insert('insert into \"te...', Array)
#12 /Users/wahyu/Herd/bos/vendor/laravel/telescope/src/Storage/DatabaseEntriesRepository.php(145): Illuminate\\Database\\Query\\Builder->insert(Array)
#13 /Users/wahyu/Herd/bos/vendor/laravel/framework/src/Illuminate/Collections/Traits/EnumeratesValues.php(245): Laravel\\Telescope\\Storage\\DatabaseEntriesRepository->Laravel\\Telescope\\Storage\\{closure}(Object(Illuminate\\Support\\Collection), 0)
#14 /Users/wahyu/Herd/bos/vendor/laravel/telescope/src/Storage/DatabaseEntriesRepository.php(144): Illuminate\\Support\\Collection->each(Object(Closure))
#15 /Users/wahyu/Herd/bos/vendor/laravel/telescope/src/Telescope.php(668): Laravel\\Telescope\\Storage\\DatabaseEntriesRepository->store(Object(Illuminate\\Support\\Collection))
#16 [internal function]: Laravel\\Telescope\\Telescope::Laravel\\Telescope\\{closure}()
#17 /Users/wahyu/Herd/bos/vendor/laravel/telescope/src/Telescope.php(293): call_user_func(Object(Closure))
#18 /Users/wahyu/Herd/bos/vendor/laravel/telescope/src/Telescope.php(660): Laravel\\Telescope\\Telescope::withoutRecording(Object(Closure))
#19 /Users/wahyu/Herd/bos/vendor/laravel/telescope/src/ListensForStorageOpportunities.php(65): Laravel\\Telescope\\Telescope::store(Object(Laravel\\Telescope\\Storage\\DatabaseEntriesRepository))
#20 /Users/wahyu/Herd/bos/vendor/laravel/framework/src/Illuminate/Container/BoundMethod.php(36): Laravel\\Telescope\\Telescope::Laravel\\Telescope\\{closure}()
#21 /Users/wahyu/Herd/bos/vendor/laravel/framework/src/Illuminate/Container/Util.php(40): Illuminate\\Container\\BoundMethod::Illuminate\\Container\\{closure}()
#22 /Users/wahyu/Herd/bos/vendor/laravel/framework/src/Illuminate/Container/BoundMethod.php(81): Illuminate\\Container\\Util::unwrapIfClosure(Object(Closure))
#23 /Users/wahyu/Herd/bos/vendor/laravel/framework/src/Illuminate/Container/BoundMethod.php(35): Illuminate\\Container\\BoundMethod::callBoundMethod(Object(Illuminate\\Foundation\\Application), Object(Closure), Object(Closure))
#24 /Users/wahyu/Herd/bos/vendor/laravel/framework/src/Illuminate/Container/Container.php(653): Illuminate\\Container\\BoundMethod::call(Object(Illuminate\\Foundation\\Application), Object(Closure), Array, NULL)
#25 /Users/wahyu/Herd/bos/vendor/laravel/framework/src/Illuminate/Foundation/Application.php(1158): Illuminate\\Container\\Container->call(Object(Closure))
#26 /Users/wahyu/Herd/bos/vendor/laravel/framework/src/Illuminate/Foundation/Console/Kernel.php(148): Illuminate\\Foundation\\Application->terminate()
#27 /Users/wahyu/Herd/bos/artisan(51): Illuminate\\Foundation\\Console\\Kernel->terminate(Object(Symfony\\Component\\Console\\Input\\ArgvInput), 0)
#28 {main}
"} 
[2024-11-23 15:59:10] local.ERROR: SQLSTATE[08006] [7] connection to server at "127.0.0.1", port 5432 failed: FATAL:  role "forge" does not exist (SQL: insert into "telescope_entries" ("batch_id", "content", "created_at", "family_hash", "type", "uuid") values (9d8e78a5-677f-4a7d-8018-00be5c71f4bf, {"command":"sail:install","exit_code":0,"arguments":{"command":"sail:install"},"options":{"with":null,"devcontainer":false,"help":false,"quiet":false,"verbose":false,"version":false,"ansi":null,"no-interaction":false,"env":null},"hostname":"Furinas-Macbook.local"}, 2024-11-23 15:59:10, ?, command, 9d8e78a5-64da-4f43-a4e0-61acd60de640)) {"exception":"[object] (Illuminate\\Database\\QueryException(code: 7): SQLSTATE[08006] [7] connection to server at \"127.0.0.1\", port 5432 failed: FATAL:  role \"forge\" does not exist (SQL: insert into \"telescope_entries\" (\"batch_id\", \"content\", \"created_at\", \"family_hash\", \"type\", \"uuid\") values (9d8e78a5-677f-4a7d-8018-00be5c71f4bf, {\"command\":\"sail:install\",\"exit_code\":0,\"arguments\":{\"command\":\"sail:install\"},\"options\":{\"with\":null,\"devcontainer\":false,\"help\":false,\"quiet\":false,\"verbose\":false,\"version\":false,\"ansi\":null,\"no-interaction\":false,\"env\":null},\"hostname\":\"Furinas-Macbook.local\"}, 2024-11-23 15:59:10, ?, command, 9d8e78a5-64da-4f43-a4e0-61acd60de640)) at /Users/wahyu/Herd/bos/vendor/laravel/framework/src/Illuminate/Database/Connection.php:712)
[stacktrace]
#0 /Users/wahyu/Herd/bos/vendor/laravel/framework/src/Illuminate/Database/Connection.php(672): Illuminate\\Database\\Connection->runQueryCallback('insert into \"te...', Array, Object(Closure))
#1 /Users/wahyu/Herd/bos/vendor/laravel/framework/src/Illuminate/Database/Connection.php(490): Illuminate\\Database\\Connection->run('insert into \"te...', Array, Object(Closure))
#2 /Users/wahyu/Herd/bos/vendor/laravel/framework/src/Illuminate/Database/Connection.php(454): Illuminate\\Database\\Connection->statement('insert into \"te...', Array)
#3 /Users/wahyu/Herd/bos/vendor/laravel/framework/src/Illuminate/Database/Query/Builder.php(2978): Illuminate\\Database\\Connection->insert('insert into \"te...', Array)
#4 /Users/wahyu/Herd/bos/vendor/laravel/telescope/src/Storage/DatabaseEntriesRepository.php(145): Illuminate\\Database\\Query\\Builder->insert(Array)
#5 /Users/wahyu/Herd/bos/vendor/laravel/framework/src/Illuminate/Collections/Traits/EnumeratesValues.php(245): Laravel\\Telescope\\Storage\\DatabaseEntriesRepository->Laravel\\Telescope\\Storage\\{closure}(Object(Illuminate\\Support\\Collection), 0)
#6 /Users/wahyu/Herd/bos/vendor/laravel/telescope/src/Storage/DatabaseEntriesRepository.php(144): Illuminate\\Support\\Collection->each(Object(Closure))
#7 /Users/wahyu/Herd/bos/vendor/laravel/telescope/src/Telescope.php(668): Laravel\\Telescope\\Storage\\DatabaseEntriesRepository->store(Object(Illuminate\\Support\\Collection))
#8 [internal function]: Laravel\\Telescope\\Telescope::Laravel\\Telescope\\{closure}()
#9 /Users/wahyu/Herd/bos/vendor/laravel/telescope/src/Telescope.php(293): call_user_func(Object(Closure))
#10 /Users/wahyu/Herd/bos/vendor/laravel/telescope/src/Telescope.php(660): Laravel\\Telescope\\Telescope::withoutRecording(Object(Closure))
#11 /Users/wahyu/Herd/bos/vendor/laravel/telescope/src/ListensForStorageOpportunities.php(65): Laravel\\Telescope\\Telescope::store(Object(Laravel\\Telescope\\Storage\\DatabaseEntriesRepository))
#12 /Users/wahyu/Herd/bos/vendor/laravel/framework/src/Illuminate/Container/BoundMethod.php(36): Laravel\\Telescope\\Telescope::Laravel\\Telescope\\{closure}()
#13 /Users/wahyu/Herd/bos/vendor/laravel/framework/src/Illuminate/Container/Util.php(40): Illuminate\\Container\\BoundMethod::Illuminate\\Container\\{closure}()
#14 /Users/wahyu/Herd/bos/vendor/laravel/framework/src/Illuminate/Container/BoundMethod.php(81): Illuminate\\Container\\Util::unwrapIfClosure(Object(Closure))
#15 /Users/wahyu/Herd/bos/vendor/laravel/framework/src/Illuminate/Container/BoundMethod.php(35): Illuminate\\Container\\BoundMethod::callBoundMethod(Object(Illuminate\\Foundation\\Application), Object(Closure), Object(Closure))
#16 /Users/wahyu/Herd/bos/vendor/laravel/framework/src/Illuminate/Container/Container.php(653): Illuminate\\Container\\BoundMethod::call(Object(Illuminate\\Foundation\\Application), Object(Closure), Array, NULL)
#17 /Users/wahyu/Herd/bos/vendor/laravel/framework/src/Illuminate/Foundation/Application.php(1158): Illuminate\\Container\\Container->call(Object(Closure))
#18 /Users/wahyu/Herd/bos/vendor/laravel/framework/src/Illuminate/Foundation/Console/Kernel.php(148): Illuminate\\Foundation\\Application->terminate()
#19 /Users/wahyu/Herd/bos/artisan(51): Illuminate\\Foundation\\Console\\Kernel->terminate(Object(Symfony\\Component\\Console\\Input\\ArgvInput), 0)
#20 {main}

[previous exception] [object] (PDOException(code: 7): SQLSTATE[08006] [7] connection to server at \"127.0.0.1\", port 5432 failed: FATAL:  role \"forge\" does not exist at /Users/wahyu/Herd/bos/vendor/laravel/framework/src/Illuminate/Database/Connectors/Connector.php:70)
[stacktrace]
#0 /Users/wahyu/Herd/bos/vendor/laravel/framework/src/Illuminate/Database/Connectors/Connector.php(70): PDO->__construct('pgsql:host=127....', 'forge', Object(SensitiveParameterValue), Array)
#1 /Users/wahyu/Herd/bos/vendor/laravel/framework/src/Illuminate/Database/Connectors/Connector.php(45): Illuminate\\Database\\Connectors\\Connector->createPdoConnection('pgsql:host=127....', 'forge', '', Array)
#2 /Users/wahyu/Herd/bos/vendor/laravel/framework/src/Illuminate/Database/Connectors/PostgresConnector.php(32): Illuminate\\Database\\Connectors\\Connector->createConnection('pgsql:host=127....', Array, Array)
#3 /Users/wahyu/Herd/bos/vendor/laravel/framework/src/Illuminate/Database/Connectors/ConnectionFactory.php(184): Illuminate\\Database\\Connectors\\PostgresConnector->connect(Array)
#4 [internal function]: Illuminate\\Database\\Connectors\\ConnectionFactory->Illuminate\\Database\\Connectors\\{closure}()
#5 /Users/wahyu/Herd/bos/vendor/laravel/framework/src/Illuminate/Database/Connection.php(1064): call_user_func(Object(Closure))
#6 /Users/wahyu/Herd/bos/vendor/laravel/framework/src/Illuminate/Database/Connection.php(495): Illuminate\\Database\\Connection->getPdo()
#7 /Users/wahyu/Herd/bos/vendor/laravel/framework/src/Illuminate/Database/Connection.php(705): Illuminate\\Database\\Connection->Illuminate\\Database\\{closure}('insert into \"te...', Array)
#8 /Users/wahyu/Herd/bos/vendor/laravel/framework/src/Illuminate/Database/Connection.php(672): Illuminate\\Database\\Connection->runQueryCallback('insert into \"te...', Array, Object(Closure))
#9 /Users/wahyu/Herd/bos/vendor/laravel/framework/src/Illuminate/Database/Connection.php(490): Illuminate\\Database\\Connection->run('insert into \"te...', Array, Object(Closure))
#10 /Users/wahyu/Herd/bos/vendor/laravel/framework/src/Illuminate/Database/Connection.php(454): Illuminate\\Database\\Connection->statement('insert into \"te...', Array)
#11 /Users/wahyu/Herd/bos/vendor/laravel/framework/src/Illuminate/Database/Query/Builder.php(2978): Illuminate\\Database\\Connection->insert('insert into \"te...', Array)
#12 /Users/wahyu/Herd/bos/vendor/laravel/telescope/src/Storage/DatabaseEntriesRepository.php(145): Illuminate\\Database\\Query\\Builder->insert(Array)
#13 /Users/wahyu/Herd/bos/vendor/laravel/framework/src/Illuminate/Collections/Traits/EnumeratesValues.php(245): Laravel\\Telescope\\Storage\\DatabaseEntriesRepository->Laravel\\Telescope\\Storage\\{closure}(Object(Illuminate\\Support\\Collection), 0)
#14 /Users/wahyu/Herd/bos/vendor/laravel/telescope/src/Storage/DatabaseEntriesRepository.php(144): Illuminate\\Support\\Collection->each(Object(Closure))
#15 /Users/wahyu/Herd/bos/vendor/laravel/telescope/src/Telescope.php(668): Laravel\\Telescope\\Storage\\DatabaseEntriesRepository->store(Object(Illuminate\\Support\\Collection))
#16 [internal function]: Laravel\\Telescope\\Telescope::Laravel\\Telescope\\{closure}()
#17 /Users/wahyu/Herd/bos/vendor/laravel/telescope/src/Telescope.php(293): call_user_func(Object(Closure))
#18 /Users/wahyu/Herd/bos/vendor/laravel/telescope/src/Telescope.php(660): Laravel\\Telescope\\Telescope::withoutRecording(Object(Closure))
#19 /Users/wahyu/Herd/bos/vendor/laravel/telescope/src/ListensForStorageOpportunities.php(65): Laravel\\Telescope\\Telescope::store(Object(Laravel\\Telescope\\Storage\\DatabaseEntriesRepository))
#20 /Users/wahyu/Herd/bos/vendor/laravel/framework/src/Illuminate/Container/BoundMethod.php(36): Laravel\\Telescope\\Telescope::Laravel\\Telescope\\{closure}()
#21 /Users/wahyu/Herd/bos/vendor/laravel/framework/src/Illuminate/Container/Util.php(40): Illuminate\\Container\\BoundMethod::Illuminate\\Container\\{closure}()
#22 /Users/wahyu/Herd/bos/vendor/laravel/framework/src/Illuminate/Container/BoundMethod.php(81): Illuminate\\Container\\Util::unwrapIfClosure(Object(Closure))
#23 /Users/wahyu/Herd/bos/vendor/laravel/framework/src/Illuminate/Container/BoundMethod.php(35): Illuminate\\Container\\BoundMethod::callBoundMethod(Object(Illuminate\\Foundation\\Application), Object(Closure), Object(Closure))
#24 /Users/wahyu/Herd/bos/vendor/laravel/framework/src/Illuminate/Container/Container.php(653): Illuminate\\Container\\BoundMethod::call(Object(Illuminate\\Foundation\\Application), Object(Closure), Array, NULL)
#25 /Users/wahyu/Herd/bos/vendor/laravel/framework/src/Illuminate/Foundation/Application.php(1158): Illuminate\\Container\\Container->call(Object(Closure))
#26 /Users/wahyu/Herd/bos/vendor/laravel/framework/src/Illuminate/Foundation/Console/Kernel.php(148): Illuminate\\Foundation\\Application->terminate()
#27 /Users/wahyu/Herd/bos/artisan(51): Illuminate\\Foundation\\Console\\Kernel->terminate(Object(Symfony\\Component\\Console\\Input\\ArgvInput), 0)
#28 {main}
"} 
